<?xml version="1.0" encoding="UTF-8"?>
<testsuite name="TestSuite" time="42.605" tests="16" errors="0" skipped="0" failures="0">
  <properties>
    <property name="PROCESSOR_ARCHITECTURE" value="AMD64"/>
    <property name="file.encoding.pkg" value="sun.io"/>
    <property name="LOGONSERVER" value="\\LAPTOP-UROTC647"/>
    <property name="ProgramData" value="C:\ProgramData"/>
    <property name="java.home" value="C:\Program Files\Java\jre1.8.0_301"/>
    <property name="NODE_NAME" value="master"/>
    <property name="JENKINS_URL" value="http://localhost:8080/"/>
    <property name="ALLUSERSPROFILE" value="C:\ProgramData"/>
    <property name="java.endorsed.dirs" value="C:\Program Files\Java\jre1.8.0_301\lib\endorsed"/>
    <property name="PSModulePath" value="C:\Program Files\WindowsPowerShell\Modules;C:\Windows\system32\WindowsPowerShell\v1.0\Modules"/>
    <property name="=::" value="::\"/>
    <property name="USERDOMAIN" value="LAPTOP-UROTC647"/>
    <property name="sun.os.patch.level" value=""/>
    <property name="java.vendor.url" value="http://java.oracle.com/"/>
    <property name="CommonProgramFiles(x86)" value="C:\Program Files (x86)\Common Files"/>
    <property name="java.version" value="1.8.0_301"/>
    <property name="JOB_NAME" value="SauceDemo"/>
    <property name="COMPUTERNAME" value="LAPTOP-UROTC647"/>
    <property name="java.vendor.url.bug" value="http://bugreport.sun.com/bugreport/"/>
    <property name="PUBLIC" value="C:\Users\Public"/>
    <property name="user.name" value="Athira Ramachandran"/>
    <property name="sun.io.unicode.encoding" value="UnicodeLittle"/>
    <property name="sun.jnu.encoding" value="Cp1252"/>
    <property name="java.runtime.name" value="Java(TM) SE Runtime Environment"/>
    <property name="windir" value="C:\Windows"/>
    <property name="PROCESSOR_IDENTIFIER" value="Intel64 Family 6 Model 140 Stepping 1, GenuineIntel"/>
    <property name="surefire.test.class.path" value="C:\Users\Athira Ramachandran\eclipse-workspace\SauceDemo\target\test-classes;C:\Users\Athira Ramachandran\eclipse-workspace\SauceDemo\target\classes;C:\Users\Athira Ramachandran\.m2\repository\org\seleniumhq\selenium\selenium-java\3.14.0\selenium-java-3.14.0.jar;C:\Users\Athira Ramachandran\.m2\repository\org\seleniumhq\selenium\selenium-api\3.14.0\selenium-api-3.14.0.jar;C:\Users\Athira Ramachandran\.m2\repository\org\seleniumhq\selenium\selenium-chrome-driver\3.14.0\selenium-chrome-driver-3.14.0.jar;C:\Users\Athira Ramachandran\.m2\repository\org\seleniumhq\selenium\selenium-edge-driver\3.14.0\selenium-edge-driver-3.14.0.jar;C:\Users\Athira Ramachandran\.m2\repository\org\seleniumhq\selenium\selenium-firefox-driver\3.14.0\selenium-firefox-driver-3.14.0.jar;C:\Users\Athira Ramachandran\.m2\repository\org\seleniumhq\selenium\selenium-ie-driver\3.14.0\selenium-ie-driver-3.14.0.jar;C:\Users\Athira Ramachandran\.m2\repository\org\seleniumhq\selenium\selenium-opera-driver\3.14.0\selenium-opera-driver-3.14.0.jar;C:\Users\Athira Ramachandran\.m2\repository\org\seleniumhq\selenium\selenium-remote-driver\3.14.0\selenium-remote-driver-3.14.0.jar;C:\Users\Athira Ramachandran\.m2\repository\org\seleniumhq\selenium\selenium-safari-driver\3.14.0\selenium-safari-driver-3.14.0.jar;C:\Users\Athira Ramachandran\.m2\repository\org\seleniumhq\selenium\selenium-support\3.14.0\selenium-support-3.14.0.jar;C:\Users\Athira Ramachandran\.m2\repository\net\bytebuddy\byte-buddy\1.8.15\byte-buddy-1.8.15.jar;C:\Users\Athira Ramachandran\.m2\repository\org\apache\commons\commons-exec\1.3\commons-exec-1.3.jar;C:\Users\Athira Ramachandran\.m2\repository\commons-codec\commons-codec\1.10\commons-codec-1.10.jar;C:\Users\Athira Ramachandran\.m2\repository\commons-logging\commons-logging\1.2\commons-logging-1.2.jar;C:\Users\Athira Ramachandran\.m2\repository\com\google\guava\guava\25.0-jre\guava-25.0-jre.jar;C:\Users\Athira Ramachandran\.m2\repository\com\google\code\findbugs\jsr305\1.3.9\jsr305-1.3.9.jar;C:\Users\Athira Ramachandran\.m2\repository\org\checkerframework\checker-compat-qual\2.0.0\checker-compat-qual-2.0.0.jar;C:\Users\Athira Ramachandran\.m2\repository\com\google\errorprone\error_prone_annotations\2.1.3\error_prone_annotations-2.1.3.jar;C:\Users\Athira Ramachandran\.m2\repository\com\google\j2objc\j2objc-annotations\1.1\j2objc-annotations-1.1.jar;C:\Users\Athira Ramachandran\.m2\repository\org\codehaus\mojo\animal-sniffer-annotations\1.14\animal-sniffer-annotations-1.14.jar;C:\Users\Athira Ramachandran\.m2\repository\org\apache\httpcomponents\httpclient\4.5.5\httpclient-4.5.5.jar;C:\Users\Athira Ramachandran\.m2\repository\org\apache\httpcomponents\httpcore\4.4.9\httpcore-4.4.9.jar;C:\Users\Athira Ramachandran\.m2\repository\com\squareup\okhttp3\okhttp\3.10.0\okhttp-3.10.0.jar;C:\Users\Athira Ramachandran\.m2\repository\com\squareup\okio\okio\1.14.1\okio-1.14.1.jar;C:\Users\Athira Ramachandran\.m2\repository\org\testng\testng\6.11\testng-6.11.jar;C:\Users\Athira Ramachandran\.m2\repository\com\beust\jcommander\1.64\jcommander-1.64.jar;C:\Users\Athira Ramachandran\.m2\repository\org\yaml\snakeyaml\1.17\snakeyaml-1.17.jar;C:\Users\Athira Ramachandran\.m2\repository\org\apache\poi\poi\3.9\poi-3.9.jar;C:\Users\Athira Ramachandran\.m2\repository\org\apache\poi\poi-ooxml\3.9\poi-ooxml-3.9.jar;C:\Users\Athira Ramachandran\.m2\repository\dom4j\dom4j\1.6.1\dom4j-1.6.1.jar;C:\Users\Athira Ramachandran\.m2\repository\xml-apis\xml-apis\1.0.b2\xml-apis-1.0.b2.jar;C:\Users\Athira Ramachandran\.m2\repository\org\apache\poi\poi-ooxml-schemas\3.9\poi-ooxml-schemas-3.9.jar;C:\Users\Athira Ramachandran\.m2\repository\org\apache\xmlbeans\xmlbeans\2.3.0\xmlbeans-2.3.0.jar;C:\Users\Athira Ramachandran\.m2\repository\stax\stax-api\1.0.1\stax-api-1.0.1.jar;C:\Users\Athira Ramachandran\.m2\repository\org\apache\poi\poi-scratchpad\3.9\poi-scratchpad-3.9.jar;C:\Users\Athira Ramachandran\.m2\repository\org\apache\poi\ooxml-schemas\1.1\ooxml-schemas-1.1.jar;C:\Users\Athira Ramachandran\.m2\repository\org\apache\poi\openxml4j\1.0-beta\openxml4j-1.0-beta.jar;C:\Users\Athira Ramachandran\.m2\repository\log4j\log4j\1.2.8\log4j-1.2.8.jar;C:\Users\Athira Ramachandran\.m2\repository\com\relevantcodes\extentreports\2.41.2\extentreports-2.41.2.jar;C:\Users\Athira Ramachandran\.m2\repository\org\jsoup\jsoup\1.8.3\jsoup-1.8.3.jar;C:\Users\Athira Ramachandran\.m2\repository\org\xerial\sqlite-jdbc\3.8.11.1\sqlite-jdbc-3.8.11.1.jar;C:\Users\Athira Ramachandran\.m2\repository\org\freemarker\freemarker\2.3.23\freemarker-2.3.23.jar;C:\Users\Athira Ramachandran\.m2\repository\org\mongodb\mongodb-driver\3.0.4\mongodb-driver-3.0.4.jar;C:\Users\Athira Ramachandran\.m2\repository\org\mongodb\bson\3.0.4\bson-3.0.4.jar;C:\Users\Athira Ramachandran\.m2\repository\org\mongodb\mongodb-driver-core\3.0.4\mongodb-driver-core-3.0.4.jar;C:\Users\Athira Ramachandran\.m2\repository\commons-io\commons-io\2.6\commons-io-2.6.jar;C:\Users\Athira Ramachandran\.m2\repository\org\apache\maven\surefire\surefire-testng-utils\2.18.1\surefire-testng-utils-2.18.1.jar;C:\Users\Athira Ramachandran\.m2\repository\org\apache\maven\surefire\surefire-grouper\2.18.1\surefire-grouper-2.18.1.jar;"/>
    <property name="java.specification.name" value="Java Platform API Specification"/>
    <property name="LOCALAPPDATA" value="C:\Users\Athira Ramachandran\AppData\Local"/>
    <property name="RUN_CHANGES_DISPLAY_URL" value="http://localhost:8080/job/SauceDemo/5/display/redirect?page=changes"/>
    <property name="user.timezone" value="Asia/Muscat"/>
    <property name="user.script" value=""/>
    <property name="path.separator" value=";"/>
    <property name="NUMBER_OF_PROCESSORS" value="8"/>
    <property name="BUILD_TAG" value="jenkins-SauceDemo-5"/>
    <property name="file.encoding" value="Cp1252"/>
    <property name="sun.java.command" value="jenkins.maven3.agent.Maven35Main C:\Users\Athira Ramachandran\.jenkins\tools\hudson.tasks.Maven_MavenInstallation\_TestMaven_ C:\Users\Athira Ramachandran\.jenkins\war\WEB-INF\lib\remoting-4.7.jar C:\Users\Athira Ramachandran\.jenkins\plugins\maven-plugin\WEB-INF\lib\maven35-interceptor-1.13.jar C:\Users\Athira Ramachandran\.jenkins\plugins\maven-plugin\WEB-INF\lib\maven3-interceptor-commons-1.13.jar 58125"/>
    <property name="HUDSON_URL" value="http://localhost:8080/"/>
    <property name="JENKINS_SERVER_COOKIE" value="36f27d1e5f625398"/>
    <property name="EXECUTOR_NUMBER" value="0"/>
    <property name="Path" value="C:\Program Files (x86)\Common Files\Oracle\Java\javapath;C:\Windows\system32;C:\Windows;C:\Windows\System32\Wbem;C:\Windows\System32\WindowsPowerShell\v1.0\;C:\Windows\System32\OpenSSH\;C:\Program Files (x86)\NVIDIA Corporation\PhysX\Common;C:\Program Files\NVIDIA Corporation\NVIDIA NvDLISR;C:\Program Files\Git\cmd;C:\Program Files\PuTTY\;C:\Maven\apache-maven-3.8.2-bin\apache-maven-3.8.2\bin"/>
    <property name="java.io.tmpdir" value="C:\Users\ATHIRA~1\AppData\Local\Temp\"/>
    <property name="APPDATA" value="C:\Users\Athira Ramachandran\AppData\Roaming"/>
    <property name="user.language" value="en"/>
    <property name="line.separator" value="&#10;"/>
    <property name="BUILD_URL" value="http://localhost:8080/job/SauceDemo/5/"/>
    <property name="M2_HOME" value="C:\Users\Athira Ramachandran\.jenkins\tools\hudson.tasks.Maven_MavenInstallation\_TestMaven_"/>
    <property name="=C:" value="C:\Jenkins"/>
    <property name="ZES_ENABLE_SYSMAN" value="1"/>
    <property name="java.vm.info" value="mixed mode"/>
    <property name="DriverData" value="C:\Windows\System32\Drivers\DriverData"/>
    <property name="sun.desktop" value="windows"/>
    <property name="java.vm.specification.name" value="Java Virtual Machine Specification"/>
    <property name="localRepository" value="C:\Users\Athira Ramachandran\.m2\repository"/>
    <property name="CI" value="true"/>
    <property name="BUILD_DISPLAY_NAME" value="#5"/>
    <property name="OS" value="Windows_NT"/>
    <property name="guice.disable.misplaced.annotation.check" value="true"/>
    <property name="HUDSON_SERVER_COOKIE" value="36f27d1e5f625398"/>
    <property name="WORKSPACE_TMP" value="C:\Users\Athira Ramachandran\.jenkins\workspace\SauceDemo@tmp"/>
    <property name="MAVEN_HOME" value="C:\Users\Athira Ramachandran\.jenkins\tools\hudson.tasks.Maven_MavenInstallation\_TestMaven_"/>
    <property name="SESSIONNAME" value="Console"/>
    <property name="PATHEXT" value=".COM;.EXE;.BAT;.CMD;.VBS;.VBE;.JS;.JSE;.WSF;.WSH;.MSC"/>
    <property name="java.awt.printerjob" value="sun.awt.windows.WPrinterJob"/>
    <property name="maven3.interceptor.common" value="C:\Users\Athira Ramachandran\.jenkins\plugins\maven-plugin\WEB-INF\lib\maven3-interceptor-commons-1.13.jar"/>
    <property name="CLASSPATH" value=""/>
    <property name="jansi.mode" value="strip"/>
    <property name="HOMEPATH" value="\Users\Athira Ramachandran"/>
    <property name="os.name" value="Windows 10"/>
    <property name="java.specification.vendor" value="Oracle Corporation"/>
    <property name="java.vm.name" value="Java HotSpot(TM) 64-Bit Server VM"/>
    <property name="BUILD_NUMBER" value="5"/>
    <property name="maven3.interceptor" value="C:\Users\Athira Ramachandran\.jenkins\plugins\maven-plugin\WEB-INF\lib\maven35-interceptor-1.13.jar"/>
    <property name="java.library.path" value="C:\Program Files (x86)\Common Files\Oracle\Java\javapath;C:\Windows\Sun\Java\bin;C:\Windows\system32;C:\Windows;C:\Users\Athira Ramachandran\.jenkins\tools\hudson.tasks.Maven_MavenInstallation\_TestMaven_/bin;C:\Program Files (x86)\Common Files\Oracle\Java\javapath;C:\Windows\system32;C:\Windows;C:\Windows\System32\Wbem;C:\Windows\System32\WindowsPowerShell\v1.0\;C:\Windows\System32\OpenSSH\;C:\Program Files (x86)\NVIDIA Corporation\PhysX\Common;C:\Program Files\NVIDIA Corporation\NVIDIA NvDLISR;C:\Program Files\Git\cmd;C:\Program Files\PuTTY\;C:\Maven\apache-maven-3.8.2-bin\apache-maven-3.8.2\bin;."/>
    <property name="HOMEDRIVE" value="C:"/>
    <property name="POM_GROUPID" value="SauceDemo"/>
    <property name="POM_ARTIFACTID" value="SauceDemo"/>
    <property name="basedir" value="C:\Users\Athira Ramachandran\eclipse-workspace\SauceDemo"/>
    <property name="java.class.version" value="52.0"/>
    <property name="JOB_URL" value="http://localhost:8080/job/SauceDemo/"/>
    <property name="OneDrive" value="C:\Users\Athira Ramachandran\OneDrive"/>
    <property name="RUN_DISPLAY_URL" value="http://localhost:8080/job/SauceDemo/5/display/redirect"/>
    <property name="JENKINS_HOME" value="C:\Users\Athira Ramachandran\.jenkins"/>
    <property name="BUILD_ID" value="5"/>
    <property name="TEMP" value="C:\Users\ATHIRA~1\AppData\Local\Temp"/>
    <property name="sun.boot.library.path" value="C:\Program Files\Java\jre1.8.0_301\bin"/>
    <property name="sun.management.compiler" value="HotSpot 64-Bit Tiered Compilers"/>
    <property name="java.awt.graphicsenv" value="sun.awt.Win32GraphicsEnvironment"/>
    <property name="user.variant" value=""/>
    <property name="PROCESSOR_REVISION" value="8c01"/>
    <property name="POM_VERSION" value="0.0.1-SNAPSHOT"/>
    <property name="HUDSON_HOME" value="C:\Users\Athira Ramachandran\.jenkins"/>
    <property name="ProgramFiles(x86)" value="C:\Program Files (x86)"/>
    <property name="PATH+MAVEN" value="C:\Users\Athira Ramachandran\.jenkins\tools\hudson.tasks.Maven_MavenInstallation\_TestMaven_/bin"/>
    <property name="USERDOMAIN_ROAMINGPROFILE" value="LAPTOP-UROTC647"/>
    <property name="RUN_ARTIFACTS_DISPLAY_URL" value="http://localhost:8080/job/SauceDemo/5/display/redirect?page=artifacts"/>
    <property name="PROMPT" value="$P$G"/>
    <property name="java.vm.specification.version" value="1.8"/>
    <property name="JAVA_HOME" value="C:\Program Files\Java\jdk1.8.0_301"/>
    <property name="awt.toolkit" value="sun.awt.windows.WToolkit"/>
    <property name="NODE_LABELS" value="master"/>
    <property name="MAVEN_PATH" value="C:\Maven\apache-maven-3.8.2-bin\apache-maven-3.8.2\bin"/>
    <property name="sun.cpu.isalist" value="amd64"/>
    <property name="USERPROFILE" value="C:\Users\Athira Ramachandran"/>
    <property name="JOB_DISPLAY_URL" value="http://localhost:8080/job/SauceDemo/display/redirect"/>
    <property name="java.ext.dirs" value="C:\Program Files\Java\jre1.8.0_301\lib\ext;C:\Windows\Sun\Java\lib\ext"/>
    <property name="os.version" value="10.0"/>
    <property name="user.home" value="C:\Users\Athira Ramachandran"/>
    <property name="USERNAME" value="Athira Ramachandran"/>
    <property name="java.vm.vendor" value="Oracle Corporation"/>
    <property name="PROCESSOR_LEVEL" value="6"/>
    <property name="CommonProgramW6432" value="C:\Program Files\Common Files"/>
    <property name="user.dir" value="C:\Users\Athira Ramachandran\eclipse-workspace\SauceDemo"/>
    <property name="maven.conf" value="C:\Users\Athira Ramachandran\.jenkins\tools\hudson.tasks.Maven_MavenInstallation\_TestMaven_\conf"/>
    <property name="ProgramW6432" value="C:\Program Files"/>
    <property name="TMP" value="C:\Users\ATHIRA~1\AppData\Local\Temp"/>
    <property name="sun.cpu.endian" value="little"/>
    <property name="SystemDrive" value="C:"/>
    <property name="webdriver.chrome.driver" value="C:\Eclipse\chromedriver_win32\chromedriver.exe"/>
    <property name="java.vm.version" value="25.301-b09"/>
    <property name="java.class.path" value="C:\Users\Athira Ramachandran\.jenkins\plugins\maven-plugin\WEB-INF\lib\maven35-agent-1.13.jar;C:\Users\Athira Ramachandran\.jenkins\tools\hudson.tasks.Maven_MavenInstallation\_TestMaven_\boot\plexus-classworlds-2.6.0.jar;C:\Users\Athira Ramachandran\.jenkins\tools\hudson.tasks.Maven_MavenInstallation\_TestMaven_/conf/logging"/>
    <property name="org.slf4j.simpleLogger.defaultLogLevel" value="info"/>
    <property name="os.arch" value="amd64"/>
    <property name="OneDriveConsumer" value="C:\Users\Athira Ramachandran\OneDrive"/>
    <property name="WORKSPACE" value="C:\Users\Athira Ramachandran\.jenkins\workspace\SauceDemo"/>
    <property name="ComSpec" value="C:\Windows\system32\cmd.exe"/>
    <property name="RUN_TESTS_DISPLAY_URL" value="http://localhost:8080/job/SauceDemo/5/display/redirect?page=tests"/>
    <property name="sun.java.launcher" value="SUN_STANDARD"/>
    <property name="FPS_BROWSER_APP_PROFILE_STRING" value="Internet Explorer"/>
    <property name="SystemRoot" value="C:\Windows"/>
    <property name="CommonProgramFiles" value="C:\Program Files\Common Files"/>
    <property name="java.vm.specification.vendor" value="Oracle Corporation"/>
    <property name="FPS_BROWSER_USER_PROFILE_STRING" value="Default"/>
    <property name="file.separator" value="\"/>
    <property name="java.runtime.version" value="1.8.0_301-b09"/>
    <property name="ProgramFiles" value="C:\Program Files"/>
    <property name="sun.boot.class.path" value="C:\Program Files\Java\jre1.8.0_301\lib\resources.jar;C:\Program Files\Java\jre1.8.0_301\lib\rt.jar;C:\Program Files\Java\jre1.8.0_301\lib\sunrsasign.jar;C:\Program Files\Java\jre1.8.0_301\lib\jsse.jar;C:\Program Files\Java\jre1.8.0_301\lib\jce.jar;C:\Program Files\Java\jre1.8.0_301\lib\charsets.jar;C:\Program Files\Java\jre1.8.0_301\lib\jfr.jar;C:\Program Files\Java\jre1.8.0_301\classes"/>
    <property name="=ExitCode" value="00000082"/>
    <property name="user.country" value="AE"/>
    <property name="POM_PACKAGING" value="jar"/>
    <property name="maven.home" value="C:\Users\Athira Ramachandran\.jenkins\tools\hudson.tasks.Maven_MavenInstallation\_TestMaven_"/>
    <property name="JOB_BASE_NAME" value="SauceDemo"/>
    <property name="java.vendor" value="Oracle Corporation"/>
    <property name="POM_DISPLAYNAME" value="SauceDemo"/>
    <property name="java.specification.version" value="1.8"/>
    <property name="sun.arch.data.model" value="64"/>
  </properties>
  <testcase name="imageTest" classname="com.sauce.qa.testcases.LoginPageTest" time="0.065"/>
  <testcase name="loginPageTitleTest" classname="com.sauce.qa.testcases.LoginPageTest" time="0.008"/>
  <testcase name="loginTest" classname="com.sauce.qa.testcases.LoginPageTest" time="3.274"/>
  <testcase name="verifyProductListTitleTest" classname="com.sauce.qa.testcases.ProductListPageTest" time="0.008"/>
  <testcase name="verifyFilterOptionsTest" classname="com.sauce.qa.testcases.ProductListPageTest" time="0.222"/>
  <testcase name="validateSortingTest" classname="com.sauce.qa.testcases.ProductListPageTest" time="0.226"/>
  <testcase name="addToCartTest" classname="com.sauce.qa.testcases.ProductListPageTest" time="0.193"/>
  <testcase name="removeFromCart" classname="com.sauce.qa.testcases.ProductListPageTest" time="2.1"/>
  <testcase name="validateMenuOptionsTest" classname="com.sauce.qa.testcases.ProductListPageTest" time="10.331"/>
  <testcase name="selectAProduct" classname="com.sauce.qa.testcases.ProductListPageTest" time="5.161"/>
  <testcase name="validateImageDisplayedTest" classname="com.sauce.qa.testcases.ProductDescriptionPageTest" time="0.062"/>
  <testcase name="validateProductTitleTest" classname="com.sauce.qa.testcases.ProductDescriptionPageTest" time="0.039"/>
  <testcase name="validateAddToCartTest" classname="com.sauce.qa.testcases.ProductDescriptionPageTest" time="10.183"/>
  <testcase name="removeFromCartTest" classname="com.sauce.qa.testcases.ProductDescriptionPageTest" time="10.18"/>
  <testcase name="validateBackToProductsTest" classname="com.sauce.qa.testcases.ProductDescriptionPageTest" time="0.39"/>
  <testcase name="validateYourCartTest" classname="com.sauce.qa.testcases.ProductDescriptionPageTest" time="0.163"/>
</testsuite>