<?xml version="1.0" encoding="UTF-8"?>
<!-- Generated by org.testng.reporters.JUnitReportReporter -->
<testsuite skipped="0" hostname="LAPTOP-UROTC647" name="com.sauce.qa.testcases.ProductDescriptionPageTest" tests="6" failures="0" timestamp="25 Aug 2021 16:22:48 GMT" time="20.702" errors="0">
  <testcase name="validateImageDisplayedTest" time="0.074" classname="com.sauce.qa.testcases.ProductDescriptionPageTest"/>
  <testcase name="validateProductTitleTest" time="0.039" classname="com.sauce.qa.testcases.ProductDescriptionPageTest"/>
  <testcase name="validateAddToCartTest" time="10.128" classname="com.sauce.qa.testcases.ProductDescriptionPageTest"/>
  <testcase name="removeFromCartTest" time="10.147" classname="com.sauce.qa.testcases.ProductDescriptionPageTest"/>
  <testcase name="validateBackToProductsTest" time="0.201" classname="com.sauce.qa.testcases.ProductDescriptionPageTest"/>
  <testcase name="validateYourCartTest" time="0.113" classname="com.sauce.qa.testcases.ProductDescriptionPageTest"/>
</testsuite> <!-- com.sauce.qa.testcases.ProductDescriptionPageTest -->
