<?xml version="1.0" encoding="UTF-8"?>
<!-- Generated by org.testng.reporters.JUnitReportReporter -->
<testsuite skipped="0" hostname="LAPTOP-UROTC647" name="com.sauce.qa.testcases.ProductDescriptionPageTest" tests="6" failures="0" timestamp="27 Aug 2021 14:38:29 GMT" time="21.069" errors="0">
  <testcase name="validateImageDisplayedTest" time="0.069" classname="com.sauce.qa.testcases.ProductDescriptionPageTest"/>
  <testcase name="validateProductTitleTest" time="0.096" classname="com.sauce.qa.testcases.ProductDescriptionPageTest"/>
  <testcase name="validateAddToCartTest" time="10.176" classname="com.sauce.qa.testcases.ProductDescriptionPageTest"/>
  <testcase name="removeFromCartTest" time="10.187" classname="com.sauce.qa.testcases.ProductDescriptionPageTest"/>
  <testcase name="validateBackToProductsTest" time="0.375" classname="com.sauce.qa.testcases.ProductDescriptionPageTest"/>
  <testcase name="validateYourCartTest" time="0.166" classname="com.sauce.qa.testcases.ProductDescriptionPageTest"/>
</testsuite> <!-- com.sauce.qa.testcases.ProductDescriptionPageTest -->
