<?xml version="1.0" encoding="UTF-8"?>
<!-- Generated by org.testng.reporters.JUnitReportReporter -->
<testsuite hostname="LAPTOP-UROTC647" failures="0" tests="3" name="com.sauce.qa.testcases.LoginPageTest" time="3.325" errors="0" timestamp="18 Aug 2021 17:49:28 GMT" skipped="0">
  <testcase classname="com.sauce.qa.testcases.LoginPageTest" name="loginPageTitleTest" time="0.005"/>
  <testcase classname="com.sauce.qa.testcases.LoginPageTest" name="imageTest" time="0.048"/>
  <testcase classname="com.sauce.qa.testcases.LoginPageTest" name="loginTest" time="3.272"/>
</testsuite> <!-- com.sauce.qa.testcases.LoginPageTest -->
