<?xml version="1.0" encoding="UTF-8"?>
<!-- Generated by org.testng.reporters.JUnitReportReporter -->
<testsuite skipped="0" hostname="LAPTOP-UROTC647" name="com.sauce.qa.testcases.CheckOutInfoPageTest" tests="3" failures="0" timestamp="27 Aug 2021 14:38:29 GMT" time="0.508" errors="0">
  <testcase name="validateTitleTest" time="0.023" classname="com.sauce.qa.testcases.CheckOutInfoPageTest"/>
  <testcase name="validateContinueShoppingTest" time="0.085" classname="com.sauce.qa.testcases.CheckOutInfoPageTest"/>
  <testcase name="validateCheckoutTest" time="0.400" classname="com.sauce.qa.testcases.CheckOutInfoPageTest"/>
</testsuite> <!-- com.sauce.qa.testcases.CheckOutInfoPageTest -->
