<?xml version="1.0" encoding="UTF-8"?>
<!-- Generated by org.testng.reporters.JUnitReportReporter -->
<testsuite skipped="0" hostname="LAPTOP-UROTC647" name="com.sauce.qa.testcases.CheckOutOverviewPageTest" tests="4" failures="0" timestamp="27 Aug 2021 18:30:16 GMT" time="0.423" errors="0">
  <testcase name="validateTotalCostTest" time="0.093" classname="com.sauce.qa.testcases.CheckOutOverviewPageTest"/>
  <testcase name="validateFinalCostTest" time="0.102" classname="com.sauce.qa.testcases.CheckOutOverviewPageTest"/>
  <testcase name="validateCompletePaymentTest" time="0.102" classname="com.sauce.qa.testcases.CheckOutOverviewPageTest"/>
  <testcase name="validateCancelTest" time="0.126" classname="com.sauce.qa.testcases.CheckOutOverviewPageTest"/>
</testsuite> <!-- com.sauce.qa.testcases.CheckOutOverviewPageTest -->
