<?xml version="1.0" encoding="UTF-8"?>
<!-- Generated by org.testng.reporters.JUnitReportReporter -->
<testsuite skipped="0" hostname="LAPTOP-UROTC647" name="com.sauce.qa.testcases.YourCartPageTest" tests="5" failures="0" timestamp="26 Aug 2021 18:53:11 GMT" time="3.216" errors="0">
  <testcase name="validateTitleDisplayedTest" time="0.012" classname="com.sauce.qa.testcases.YourCartPageTest"/>
  <testcase name="validateSizeAndItemsInCartTest" time="0.050" classname="com.sauce.qa.testcases.YourCartPageTest"/>
  <testcase name="validateRemoveProductTest" time="0.000" classname="com.sauce.qa.testcases.YourCartPageTest"/>
  <testcase name="validateReturnShoppingTest" time="0.075" classname="com.sauce.qa.testcases.YourCartPageTest"/>
  <testcase name="validateCheckOutTest" time="3.079" classname="com.sauce.qa.testcases.YourCartPageTest"/>
</testsuite> <!-- com.sauce.qa.testcases.YourCartPageTest -->
