<?xml version="1.0" encoding="UTF-8"?>
<!-- Generated by org.testng.reporters.JUnitReportReporter -->
<testsuite skipped="0" hostname="LAPTOP-UROTC647" name="com.sauce.qa.testcases.YourCartPageTest" tests="5" failures="0" timestamp="27 Aug 2021 18:30:16 GMT" time="3.515" errors="0">
  <testcase name="validateTitleDisplayedTest" time="0.033" classname="com.sauce.qa.testcases.YourCartPageTest"/>
  <testcase name="validateSizeAndItemsInCartTest" time="0.068" classname="com.sauce.qa.testcases.YourCartPageTest"/>
  <testcase name="validateRemoveProductTest" time="0.165" classname="com.sauce.qa.testcases.YourCartPageTest"/>
  <testcase name="validateReturnShoppingTest" time="0.119" classname="com.sauce.qa.testcases.YourCartPageTest"/>
  <testcase name="validateCheckOutTest" time="3.130" classname="com.sauce.qa.testcases.YourCartPageTest"/>
</testsuite> <!-- com.sauce.qa.testcases.YourCartPageTest -->
