<?xml version="1.0" encoding="UTF-8"?>
<!-- Generated by org.testng.reporters.JUnitReportReporter -->
<testsuite skipped="0" hostname="LAPTOP-UROTC647" name="com.sauce.qa.testcases.LoginPageTest" tests="3" failures="0" timestamp="27 Aug 2021 14:38:29 GMT" time="3.431" errors="0">
  <testcase name="loginPageTitleTest" time="0.008" classname="com.sauce.qa.testcases.LoginPageTest"/>
  <testcase name="loginTest" time="3.322" classname="com.sauce.qa.testcases.LoginPageTest"/>
  <testcase name="imageTest" time="0.101" classname="com.sauce.qa.testcases.LoginPageTest"/>
</testsuite> <!-- com.sauce.qa.testcases.LoginPageTest -->
