<?xml version="1.0" encoding="UTF-8"?>
<!-- Generated by org.testng.reporters.JUnitReportReporter -->
<testsuite skipped="0" hostname="LAPTOP-UROTC647" name="com.sauce.qa.testcases.LoginPageTest" tests="3" failures="0" timestamp="25 Aug 2021 16:22:48 GMT" time="3.331" errors="0">
  <testcase name="imageTest" time="0.058" classname="com.sauce.qa.testcases.LoginPageTest"/>
  <testcase name="loginPageTitleTest" time="0.006" classname="com.sauce.qa.testcases.LoginPageTest"/>
  <testcase name="loginTest" time="3.267" classname="com.sauce.qa.testcases.LoginPageTest"/>
</testsuite> <!-- com.sauce.qa.testcases.LoginPageTest -->
