<?xml version="1.0" encoding="UTF-8"?>
<!-- Generated by org.testng.reporters.JUnitReportReporter -->
<testsuite skipped="0" hostname="LAPTOP-UROTC647" name="com.sauce.qa.testcases.ProductDescriptionPageTest" tests="6" failures="0" timestamp="27 Aug 2021 09:05:18 GMT" time="20.508" errors="0">
  <testcase name="validateImageDisplayedTest" time="0.054" classname="com.sauce.qa.testcases.ProductDescriptionPageTest"/>
  <testcase name="validateProductTitleTest" time="0.041" classname="com.sauce.qa.testcases.ProductDescriptionPageTest"/>
  <testcase name="validateAddToCartTest" time="10.146" classname="com.sauce.qa.testcases.ProductDescriptionPageTest"/>
  <testcase name="removeFromCartTest" time="10.106" classname="com.sauce.qa.testcases.ProductDescriptionPageTest"/>
  <testcase name="validateBackToProductsTest" time="0.084" classname="com.sauce.qa.testcases.ProductDescriptionPageTest"/>
  <testcase name="validateYourCartTest" time="0.077" classname="com.sauce.qa.testcases.ProductDescriptionPageTest"/>
</testsuite> <!-- com.sauce.qa.testcases.ProductDescriptionPageTest -->
