<?xml version="1.0" encoding="UTF-8"?>
<!-- Generated by org.testng.reporters.JUnitReportReporter -->
<testsuite skipped="0" hostname="LAPTOP-UROTC647" name="com.sauce.qa.testcases.ProductListPageTest" tests="7" failures="0" timestamp="25 Aug 2021 16:12:21 GMT" time="13.369" errors="0">
  <testcase name="verifyProductListTitleTest" time="0.005" classname="com.sauce.qa.testcases.ProductListPageTest"/>
  <testcase name="verifyFilterOptionsTest" time="0.153" classname="com.sauce.qa.testcases.ProductListPageTest"/>
  <testcase name="validateSortingTest" time="0.252" classname="com.sauce.qa.testcases.ProductListPageTest"/>
  <testcase name="addToCartTest" time="0.201" classname="com.sauce.qa.testcases.ProductListPageTest"/>
  <testcase name="removeFromCart" time="2.100" classname="com.sauce.qa.testcases.ProductListPageTest"/>
  <testcase name="validateMenuOptionsTest" time="5.507" classname="com.sauce.qa.testcases.ProductListPageTest"/>
  <testcase name="selectAProduct" time="5.151" classname="com.sauce.qa.testcases.ProductListPageTest"/>
</testsuite> <!-- com.sauce.qa.testcases.ProductListPageTest -->
