<?xml version="1.0" encoding="UTF-8"?>
<!-- Generated by org.testng.reporters.JUnitReportReporter -->
<testsuite skipped="0" hostname="LAPTOP-UROTC647" name="com.sauce.qa.testcases.ProductListPageTest" tests="7" failures="0" timestamp="27 Aug 2021 18:49:45 GMT" time="18.162" errors="0">
  <testcase name="verifyProductListTitleTest" time="0.006" classname="com.sauce.qa.testcases.ProductListPageTest"/>
  <testcase name="verifyFilterOptionsTest" time="0.282" classname="com.sauce.qa.testcases.ProductListPageTest"/>
  <testcase name="validateSortingTest" time="0.282" classname="com.sauce.qa.testcases.ProductListPageTest"/>
  <testcase name="addToCartTest" time="0.338" classname="com.sauce.qa.testcases.ProductListPageTest"/>
  <testcase name="removeFromCart" time="2.117" classname="com.sauce.qa.testcases.ProductListPageTest"/>
  <testcase name="validateMenuOptionsTest" time="9.965" classname="com.sauce.qa.testcases.ProductListPageTest"/>
  <testcase name="selectAProduct" time="5.172" classname="com.sauce.qa.testcases.ProductListPageTest"/>
</testsuite> <!-- com.sauce.qa.testcases.ProductListPageTest -->
