<?xml version="1.0" encoding="UTF-8"?>
<!-- Generated by org.testng.reporters.JUnitReportReporter -->
<testsuite skipped="0" hostname="LAPTOP-UROTC647" name="com.sauce.qa.testcases.LoginPageTest" tests="3" failures="0" timestamp="25 Aug 2021 16:12:21 GMT" time="3.321" errors="0">
  <testcase name="loginTest" time="3.254" classname="com.sauce.qa.testcases.LoginPageTest"/>
  <testcase name="imageTest" time="0.061" classname="com.sauce.qa.testcases.LoginPageTest"/>
  <testcase name="loginPageTitleTest" time="0.006" classname="com.sauce.qa.testcases.LoginPageTest"/>
</testsuite> <!-- com.sauce.qa.testcases.LoginPageTest -->
