<?xml version="1.0" encoding="UTF-8"?>
<!-- Generated by org.testng.reporters.JUnitReportReporter -->
<testsuite skipped="0" hostname="LAPTOP-UROTC647" name="com.sauce.qa.testcases.ProductDescriptionPageTest" tests="6" failures="0" timestamp="26 Aug 2021 06:43:32 GMT" time="21.018" errors="0">
  <testcase name="validateImageDisplayedTest" time="0.062" classname="com.sauce.qa.testcases.ProductDescriptionPageTest"/>
  <testcase name="validateProductTitleTest" time="0.040" classname="com.sauce.qa.testcases.ProductDescriptionPageTest"/>
  <testcase name="validateAddToCartTest" time="10.183" classname="com.sauce.qa.testcases.ProductDescriptionPageTest"/>
  <testcase name="removeFromCartTest" time="10.180" classname="com.sauce.qa.testcases.ProductDescriptionPageTest"/>
  <testcase name="validateBackToProductsTest" time="0.390" classname="com.sauce.qa.testcases.ProductDescriptionPageTest"/>
  <testcase name="validateYourCartTest" time="0.163" classname="com.sauce.qa.testcases.ProductDescriptionPageTest"/>
</testsuite> <!-- com.sauce.qa.testcases.ProductDescriptionPageTest -->
