<?xml version="1.0" encoding="UTF-8"?>
<!-- Generated by org.testng.reporters.JUnitReportReporter -->
<testsuite skipped="0" hostname="LAPTOP-UROTC647" name="com.sauce.qa.testcases.LoginPageTest" tests="3" failures="0" timestamp="26 Aug 2021 06:43:32 GMT" time="3.346" errors="0">
  <testcase name="loginTest" time="3.274" classname="com.sauce.qa.testcases.LoginPageTest"/>
  <testcase name="loginPageTitleTest" time="0.008" classname="com.sauce.qa.testcases.LoginPageTest"/>
  <testcase name="imageTest" time="0.064" classname="com.sauce.qa.testcases.LoginPageTest"/>
</testsuite> <!-- com.sauce.qa.testcases.LoginPageTest -->
