<?xml version="1.0" encoding="UTF-8"?>
<!-- Generated by org.testng.reporters.JUnitReportReporter -->
<testsuite skipped="0" hostname="LAPTOP-UROTC647" name="com.sauce.qa.testcases.CheckOutInfoPageTest" tests="3" failures="0" timestamp="27 Aug 2021 18:49:45 GMT" time="0.448" errors="0">
  <testcase name="validateTitleTest" time="0.015" classname="com.sauce.qa.testcases.CheckOutInfoPageTest"/>
  <testcase name="validateContinueShoppingTest" time="0.106" classname="com.sauce.qa.testcases.CheckOutInfoPageTest"/>
  <testcase name="validateCheckoutTest" time="0.327" classname="com.sauce.qa.testcases.CheckOutInfoPageTest"/>
</testsuite> <!-- com.sauce.qa.testcases.CheckOutInfoPageTest -->
